Http Server running at http://localhost:8000/
GET / Mozilla/5.0 (X11; Linux i686) AppleWebKit/537.36 (KHTML, like Gecko) Chrome/30.0.1599.66 Safari/537.36
GET /index.html Mozilla/5.0 (X11; Linux i686) AppleWebKit/537.36 (KHTML, like Gecko) Chrome/30.0.1599.66 Safari/537.36
GET /bower_components/bootstrap/dist/css/bootstrap.css Mozilla/5.0 (X11; Linux i686) AppleWebKit/537.36 (KHTML, like Gecko) Chrome/30.0.1599.66 Safari/537.36
404 Not Found: /bower_components/bootstrap/dist/css/bootstrap.css
GET /bower_components/nvd3/nv.d3.css Mozilla/5.0 (X11; Linux i686) AppleWebKit/537.36 (KHTML, like Gecko) Chrome/30.0.1599.66 Safari/537.36
404 Not Found: /bower_components/nvd3/nv.d3.css
GET /bower_components/angular-dropdowns/css/dropdowns.css Mozilla/5.0 (X11; Linux i686) AppleWebKit/537.36 (KHTML, like Gecko) Chrome/30.0.1599.66 Safari/537.36
GET /styles/main.css Mozilla/5.0 (X11; Linux i686) AppleWebKit/537.36 (KHTML, like Gecko) Chrome/30.0.1599.66 Safari/537.36
GET /bower_components/jquery/jquery.js Mozilla/5.0 (X11; Linux i686) AppleWebKit/537.36 (KHTML, like Gecko) Chrome/30.0.1599.66 Safari/537.36
GET /bower_components/ng-grid/ng-grid.min.css Mozilla/5.0 (X11; Linux i686) AppleWebKit/537.36 (KHTML, like Gecko) Chrome/30.0.1599.66 Safari/537.36
404 Not Found: /bower_components/angular-dropdowns/css/dropdowns.css
404 Not Found: /bower_components/jquery/jquery.js
404 Not Found: /bower_components/ng-grid/ng-grid.min.css
GET /bower_components/angular/angular.js Mozilla/5.0 (X11; Linux i686) AppleWebKit/537.36 (KHTML, like Gecko) Chrome/30.0.1599.66 Safari/537.36
404 Not Found: /bower_components/angular/angular.js
GET /bower_components/bootstrap/dist/js/bootstrap.js Mozilla/5.0 (X11; Linux i686) AppleWebKit/537.36 (KHTML, like Gecko) Chrome/30.0.1599.66 Safari/537.36
404 Not Found: /bower_components/bootstrap/dist/js/bootstrap.js
GET /bower_components/angular-resource/angular-resource.js Mozilla/5.0 (X11; Linux i686) AppleWebKit/537.36 (KHTML, like Gecko) Chrome/30.0.1599.66 Safari/537.36
404 Not Found: /bower_components/angular-resource/angular-resource.js
GET /bower_components/angular-cookies/angular-cookies.js Mozilla/5.0 (X11; Linux i686) AppleWebKit/537.36 (KHTML, like Gecko) Chrome/30.0.1599.66 Safari/537.36
404 Not Found: /bower_components/angular-cookies/angular-cookies.js
GET /bower_components/underscore/underscore.js Mozilla/5.0 (X11; Linux i686) AppleWebKit/537.36 (KHTML, like Gecko) Chrome/30.0.1599.66 Safari/537.36
GET /bower_components/angular-sanitize/angular-sanitize.js Mozilla/5.0 (X11; Linux i686) AppleWebKit/537.36 (KHTML, like Gecko) Chrome/30.0.1599.66 Safari/537.36
GET /bower_components/angular-route/angular-route.js Mozilla/5.0 (X11; Linux i686) AppleWebKit/537.36 (KHTML, like Gecko) Chrome/30.0.1599.66 Safari/537.36
404 Not Found: /bower_components/underscore/underscore.js
404 Not Found: /bower_components/angular-sanitize/angular-sanitize.js
404 Not Found: /bower_components/angular-route/angular-route.js
GET /bower_components/angular-underscore-module/angular-underscore-module.js Mozilla/5.0 (X11; Linux i686) AppleWebKit/537.36 (KHTML, like Gecko) Chrome/30.0.1599.66 Safari/537.36
404 Not Found: /bower_components/angular-underscore-module/angular-underscore-module.js
GET /bower_components/nvd3/nv.d3.js Mozilla/5.0 (X11; Linux i686) AppleWebKit/537.36 (KHTML, like Gecko) Chrome/30.0.1599.66 Safari/537.36
GET /bower_components/moment/moment.js Mozilla/5.0 (X11; Linux i686) AppleWebKit/537.36 (KHTML, like Gecko) Chrome/30.0.1599.66 Safari/537.36
404 Not Found: /bower_components/nvd3/nv.d3.js
404 Not Found: /bower_components/moment/moment.js
GET /bower_components/d3/d3.js Mozilla/5.0 (X11; Linux i686) AppleWebKit/537.36 (KHTML, like Gecko) Chrome/30.0.1599.66 Safari/537.36
404 Not Found: /bower_components/d3/d3.js
GET /bower_components/angularjs-nvd3-directives/dist/angularjs-nvd3-directives.js Mozilla/5.0 (X11; Linux i686) AppleWebKit/537.36 (KHTML, like Gecko) Chrome/30.0.1599.66 Safari/537.36
404 Not Found: /bower_components/angularjs-nvd3-directives/dist/angularjs-nvd3-directives.js
GET /bower_components/angular-dropdowns/dist/angular-dropdowns.js Mozilla/5.0 (X11; Linux i686) AppleWebKit/537.36 (KHTML, like Gecko) Chrome/30.0.1599.66 Safari/537.36
404 Not Found: /bower_components/angular-dropdowns/dist/angular-dropdowns.js
GET /bower_components/angular-bootstrap/ui-bootstrap-tpls.js Mozilla/5.0 (X11; Linux i686) AppleWebKit/537.36 (KHTML, like Gecko) Chrome/30.0.1599.66 Safari/537.36
404 Not Found: /bower_components/angular-bootstrap/ui-bootstrap-tpls.js
GET /bower_components/angular-ui-router/release/angular-ui-router.js Mozilla/5.0 (X11; Linux i686) AppleWebKit/537.36 (KHTML, like Gecko) Chrome/30.0.1599.66 Safari/537.36
404 Not Found: /bower_components/angular-ui-router/release/angular-ui-router.js
GET /bower_components/ng-grid/build/ng-grid.min.js Mozilla/5.0 (X11; Linux i686) AppleWebKit/537.36 (KHTML, like Gecko) Chrome/30.0.1599.66 Safari/537.36
GET /scripts/services/data-manager.js Mozilla/5.0 (X11; Linux i686) AppleWebKit/537.36 (KHTML, like Gecko) Chrome/30.0.1599.66 Safari/537.36
404 Not Found: /bower_components/ng-grid/build/ng-grid.min.js
GET /scripts/controllers/vis-ctrl.js Mozilla/5.0 (X11; Linux i686) AppleWebKit/537.36 (KHTML, like Gecko) Chrome/30.0.1599.66 Safari/537.36
GET /scripts/directives/vis-directives.js Mozilla/5.0 (X11; Linux i686) AppleWebKit/537.36 (KHTML, like Gecko) Chrome/30.0.1599.66 Safari/537.36
GET /scripts/app.js Mozilla/5.0 (X11; Linux i686) AppleWebKit/537.36 (KHTML, like Gecko) Chrome/30.0.1599.66 Safari/537.36
GET /index.html Mozilla/5.0 (X11; Linux i686) AppleWebKit/537.36 (KHTML, like Gecko) Chrome/30.0.1599.66 Safari/537.36
GET /bower_components/bootstrap/dist/css/bootstrap.css Mozilla/5.0 (X11; Linux i686) AppleWebKit/537.36 (KHTML, like Gecko) Chrome/30.0.1599.66 Safari/537.36
404 Not Found: /bower_components/bootstrap/dist/css/bootstrap.css
GET /bower_components/nvd3/nv.d3.css Mozilla/5.0 (X11; Linux i686) AppleWebKit/537.36 (KHTML, like Gecko) Chrome/30.0.1599.66 Safari/537.36
404 Not Found: /bower_components/nvd3/nv.d3.css
GET /bower_components/angular-dropdowns/css/dropdowns.css Mozilla/5.0 (X11; Linux i686) AppleWebKit/537.36 (KHTML, like Gecko) Chrome/30.0.1599.66 Safari/537.36
404 Not Found: /bower_components/angular-dropdowns/css/dropdowns.css
GET /bower_components/ng-grid/ng-grid.min.css Mozilla/5.0 (X11; Linux i686) AppleWebKit/537.36 (KHTML, like Gecko) Chrome/30.0.1599.66 Safari/537.36
GET /styles/main.css Mozilla/5.0 (X11; Linux i686) AppleWebKit/537.36 (KHTML, like Gecko) Chrome/30.0.1599.66 Safari/537.36
GET /bower_components/jquery/jquery.js Mozilla/5.0 (X11; Linux i686) AppleWebKit/537.36 (KHTML, like Gecko) Chrome/30.0.1599.66 Safari/537.36
404 Not Found: /bower_components/ng-grid/ng-grid.min.css
404 Not Found: /bower_components/jquery/jquery.js
GET /bower_components/angular/angular.js Mozilla/5.0 (X11; Linux i686) AppleWebKit/537.36 (KHTML, like Gecko) Chrome/30.0.1599.66 Safari/537.36
404 Not Found: /bower_components/angular/angular.js
GET /bower_components/bootstrap/dist/js/bootstrap.js Mozilla/5.0 (X11; Linux i686) AppleWebKit/537.36 (KHTML, like Gecko) Chrome/30.0.1599.66 Safari/537.36
404 Not Found: /bower_components/bootstrap/dist/js/bootstrap.js
GET /bower_components/angular-resource/angular-resource.js Mozilla/5.0 (X11; Linux i686) AppleWebKit/537.36 (KHTML, like Gecko) Chrome/30.0.1599.66 Safari/537.36
404 Not Found: /bower_components/angular-resource/angular-resource.js
GET /bower_components/angular-cookies/angular-cookies.js Mozilla/5.0 (X11; Linux i686) AppleWebKit/537.36 (KHTML, like Gecko) Chrome/30.0.1599.66 Safari/537.36
404 Not Found: /bower_components/angular-cookies/angular-cookies.js
GET /bower_components/angular-sanitize/angular-sanitize.js Mozilla/5.0 (X11; Linux i686) AppleWebKit/537.36 (KHTML, like Gecko) Chrome/30.0.1599.66 Safari/537.36
404 Not Found: /bower_components/angular-sanitize/angular-sanitize.js
GET /bower_components/angular-route/angular-route.js Mozilla/5.0 (X11; Linux i686) AppleWebKit/537.36 (KHTML, like Gecko) Chrome/30.0.1599.66 Safari/537.36
404 Not Found: /bower_components/angular-route/angular-route.js
GET /bower_components/underscore/underscore.js Mozilla/5.0 (X11; Linux i686) AppleWebKit/537.36 (KHTML, like Gecko) Chrome/30.0.1599.66 Safari/537.36
404 Not Found: /bower_components/underscore/underscore.js
GET /bower_components/angular-underscore-module/angular-underscore-module.js Mozilla/5.0 (X11; Linux i686) AppleWebKit/537.36 (KHTML, like Gecko) Chrome/30.0.1599.66 Safari/537.36
404 Not Found: /bower_components/angular-underscore-module/angular-underscore-module.js
GET /bower_components/d3/d3.js Mozilla/5.0 (X11; Linux i686) AppleWebKit/537.36 (KHTML, like Gecko) Chrome/30.0.1599.66 Safari/537.36
GET /bower_components/nvd3/nv.d3.js Mozilla/5.0 (X11; Linux i686) AppleWebKit/537.36 (KHTML, like Gecko) Chrome/30.0.1599.66 Safari/537.36
404 Not Found: /bower_components/d3/d3.js
404 Not Found: /bower_components/nvd3/nv.d3.js
GET /bower_components/moment/moment.js Mozilla/5.0 (X11; Linux i686) AppleWebKit/537.36 (KHTML, like Gecko) Chrome/30.0.1599.66 Safari/537.36
404 Not Found: /bower_components/moment/moment.js
GET /bower_components/angularjs-nvd3-directives/dist/angularjs-nvd3-directives.js Mozilla/5.0 (X11; Linux i686) AppleWebKit/537.36 (KHTML, like Gecko) Chrome/30.0.1599.66 Safari/537.36
404 Not Found: /bower_components/angularjs-nvd3-directives/dist/angularjs-nvd3-directives.js
GET /bower_components/angular-dropdowns/dist/angular-dropdowns.js Mozilla/5.0 (X11; Linux i686) AppleWebKit/537.36 (KHTML, like Gecko) Chrome/30.0.1599.66 Safari/537.36
GET /bower_components/angular-bootstrap/ui-bootstrap-tpls.js Mozilla/5.0 (X11; Linux i686) AppleWebKit/537.36 (KHTML, like Gecko) Chrome/30.0.1599.66 Safari/537.36
GET /bower_components/angular-ui-router/release/angular-ui-router.js Mozilla/5.0 (X11; Linux i686) AppleWebKit/537.36 (KHTML, like Gecko) Chrome/30.0.1599.66 Safari/537.36
GET /bower_components/ng-grid/build/ng-grid.min.js Mozilla/5.0 (X11; Linux i686) AppleWebKit/537.36 (KHTML, like Gecko) Chrome/30.0.1599.66 Safari/537.36
404 Not Found: /bower_components/angular-dropdowns/dist/angular-dropdowns.js
404 Not Found: /bower_components/angular-bootstrap/ui-bootstrap-tpls.js
404 Not Found: /bower_components/angular-ui-router/release/angular-ui-router.js
404 Not Found: /bower_components/ng-grid/build/ng-grid.min.js
GET /scripts/services/data-manager.js Mozilla/5.0 (X11; Linux i686) AppleWebKit/537.36 (KHTML, like Gecko) Chrome/30.0.1599.66 Safari/537.36
GET /scripts/controllers/vis-ctrl.js Mozilla/5.0 (X11; Linux i686) AppleWebKit/537.36 (KHTML, like Gecko) Chrome/30.0.1599.66 Safari/537.36
GET /scripts/directives/vis-directives.js Mozilla/5.0 (X11; Linux i686) AppleWebKit/537.36 (KHTML, like Gecko) Chrome/30.0.1599.66 Safari/537.36
GET /scripts/app.js Mozilla/5.0 (X11; Linux i686) AppleWebKit/537.36 (KHTML, like Gecko) Chrome/30.0.1599.66 Safari/537.36
GET /favicon.ico Mozilla/5.0 (X11; Linux i686) AppleWebKit/537.36 (KHTML, like Gecko) Chrome/30.0.1599.66 Safari/537.36
